<?xml version='1.0' encoding='UTF-8'?>
<!DOCTYPE coverage SYSTEM 'http://cobertura.sourceforge.net/xml/coverage-04.dtd'>
<coverage line-rate="0.6666666666666666" function-rate="0.68" branch-rate="0.3413793103448276" lines-covered="154" lines-valid="231" functions-covered="51" functions-valid="75" branches-covered="99" branches-valid="290" complexity="0.0" timestamp="1666856180" version="gcovr 5.2">
  <sources>
    <source>..</source>
  </sources>
  <packages>
    <package name="src" line-rate="0.6724890829694323" function-rate="0.6986301369863014" branch-rate="0.3413793103448276" complexity="0.0">
      <classes>
        <class name="AnyOf_cpp" filename="src/AnyOf.cpp" line-rate="1.0" branch-rate="0.0" complexity="0.0">
          <methods/>
          <lines>
            <line number="8" hits="1" branch="false"/>
            <line number="9" hits="1" branch="false"/>
          </lines>
        </class>
        <class name="Argument_cpp" filename="src/Argument.cpp" line-rate="0.9318181818181818" branch-rate="0.5434782608695652" complexity="0.0">
          <methods/>
          <lines>
            <line number="10" hits="16" branch="false"/>
            <line number="13" hits="16" branch="false"/>
            <line number="15" hits="16" branch="false"/>
            <line number="16" hits="16" branch="false"/>
            <line number="17" hits="26" branch="false"/>
            <line number="19" hits="16" branch="true" condition-coverage="100% (2/2)">
              <conditions>
                <condition number="0" type="jump" coverage="100%"/>
              </conditions>
            </line>
            <line number="20" hits="15" branch="true" condition-coverage="100% (2/2)">
              <conditions>
                <condition number="0" type="jump" coverage="100%"/>
              </conditions>
            </line>
            <line number="21" hits="1" branch="true" condition-coverage="50% (2/4)">
              <conditions>
                <condition number="0" type="jump" coverage="50%"/>
              </conditions>
            </line>
            <line number="23" hits="2" branch="false"/>
            <line number="26" hits="14" branch="true" condition-coverage="75% (3/4)">
              <conditions>
                <condition number="0" type="jump" coverage="75%"/>
              </conditions>
            </line>
            <line number="27" hits="1" branch="true" condition-coverage="50% (2/4)">
              <conditions>
                <condition number="0" type="jump" coverage="50%"/>
              </conditions>
            </line>
            <line number="29" hits="2" branch="false"/>
            <line number="32" hits="14" branch="false"/>
            <line number="34" hits="19" branch="false"/>
            <line number="35" hits="15" branch="true" condition-coverage="100% (2/2)">
              <conditions>
                <condition number="0" type="jump" coverage="100%"/>
              </conditions>
            </line>
            <line number="36" hits="13" branch="false"/>
            <line number="38" hits="1" branch="false"/>
            <line number="39" hits="1" branch="true" condition-coverage="50% (1/2)">
              <conditions>
                <condition number="0" type="jump" coverage="50%"/>
              </conditions>
            </line>
            <line number="40" hits="1" branch="false"/>
            <line number="42" hits="48" branch="false"/>
            <line number="44" hits="1" branch="false"/>
            <line number="45" hits="1" branch="false"/>
            <line number="46" hits="1" branch="false"/>
            <line number="48" hits="1" branch="false"/>
            <line number="49" hits="1" branch="false"/>
            <line number="50" hits="1" branch="false"/>
            <line number="52" hits="6" branch="false"/>
            <line number="53" hits="6" branch="false"/>
            <line number="56" hits="8" branch="false"/>
            <line number="57" hits="8" branch="false"/>
            <line number="60" hits="2" branch="false"/>
            <line number="61" hits="2" branch="false"/>
            <line number="64" hits="2" branch="false"/>
            <line number="65" hits="2" branch="false"/>
            <line number="68" hits="2" branch="false"/>
            <line number="69" hits="2" branch="false"/>
            <line number="72" hits="6" branch="false"/>
            <line number="73" hits="6" branch="false"/>
            <line number="75" hits="6" branch="true" condition-coverage="60% (6/10)">
              <conditions>
                <condition number="0" type="jump" coverage="60%"/>
              </conditions>
            </line>
            <line number="77" hits="6" branch="true" condition-coverage="50% (5/10)">
              <conditions>
                <condition number="0" type="jump" coverage="50%"/>
              </conditions>
            </line>
            <line number="79" hits="6" branch="false"/>
            <line number="82" hits="0" branch="false"/>
            <line number="83" hits="0" branch="true" condition-coverage="0% (0/2)">
              <conditions>
                <condition number="0" type="jump" coverage="0%"/>
              </conditions>
            </line>
            <line number="84" hits="0" branch="true" condition-coverage="0% (0/4)">
              <conditions>
                <condition number="0" type="jump" coverage="0%"/>
              </conditions>
            </line>
          </lines>
        </class>
        <class name="CommandLine_cpp" filename="src/CommandLine.cpp" line-rate="0.6857142857142857" branch-rate="0.5333333333333333" complexity="0.0">
          <methods/>
          <lines>
            <line number="21" hits="6" branch="false"/>
            <line number="22" hits="6" branch="true" condition-coverage="50% (2/4)">
              <conditions>
                <condition number="0" type="jump" coverage="50%"/>
              </conditions>
            </line>
            <line number="23" hits="6" branch="false"/>
            <line number="25" hits="7" branch="false"/>
            <line number="26" hits="7" branch="true" condition-coverage="50% (1/2)">
              <conditions>
                <condition number="0" type="jump" coverage="50%"/>
              </conditions>
            </line>
            <line number="27" hits="7" branch="false"/>
            <line number="30" hits="6" branch="false"/>
            <line number="31" hits="6" branch="true" condition-coverage="50% (1/2)">
              <conditions>
                <condition number="0" type="jump" coverage="50%"/>
              </conditions>
            </line>
            <line number="32" hits="6" branch="false"/>
            <line number="34" hits="6" branch="false"/>
            <line number="36" hits="7" branch="false"/>
            <line number="37" hits="7" branch="true" condition-coverage="50% (1/2)">
              <conditions>
                <condition number="0" type="jump" coverage="50%"/>
              </conditions>
            </line>
            <line number="38" hits="7" branch="false"/>
            <line number="40" hits="1" branch="false"/>
            <line number="41" hits="2" branch="true" condition-coverage="50% (1/2)">
              <conditions>
                <condition number="0" type="jump" coverage="50%"/>
              </conditions>
            </line>
            <line number="42" hits="1" branch="true" condition-coverage="25% (1/4)">
              <conditions>
                <condition number="0" type="jump" coverage="25%"/>
              </conditions>
            </line>
            <line number="44" hits="3" branch="true" condition-coverage="50% (2/4)">
              <conditions>
                <condition number="0" type="jump" coverage="50%"/>
              </conditions>
            </line>
            <line number="45" hits="1" branch="true" condition-coverage="50% (1/2)">
              <conditions>
                <condition number="0" type="jump" coverage="50%"/>
              </conditions>
            </line>
            <line number="48" hits="0" branch="false"/>
            <line number="49" hits="0" branch="false"/>
            <line number="52" hits="0" branch="false"/>
            <line number="53" hits="0" branch="false"/>
            <line number="56" hits="0" branch="false"/>
            <line number="57" hits="0" branch="false"/>
            <line number="60" hits="0" branch="false"/>
            <line number="61" hits="0" branch="false"/>
            <line number="64" hits="0" branch="false"/>
            <line number="65" hits="0" branch="false"/>
            <line number="68" hits="4" branch="false"/>
            <line number="69" hits="8" branch="false"/>
            <line number="70" hits="4" branch="true" condition-coverage="50% (2/4)">
              <conditions>
                <condition number="0" type="jump" coverage="50%"/>
              </conditions>
            </line>
            <line number="72" hits="6" branch="true" condition-coverage="100% (2/2)">
              <conditions>
                <condition number="0" type="jump" coverage="100%"/>
              </conditions>
            </line>
            <line number="73" hits="4" branch="true" condition-coverage="100% (2/2)">
              <conditions>
                <condition number="0" type="jump" coverage="100%"/>
              </conditions>
            </line>
            <line number="75" hits="2" branch="false"/>
            <line number="77" hits="0" branch="false"/>
          </lines>
        </class>
        <class name="Constraint_cpp" filename="src/Constraint.cpp" line-rate="0.8571428571428571" branch-rate="0.5" complexity="0.0">
          <methods/>
          <lines>
            <line number="14" hits="37" branch="false"/>
            <line number="15" hits="37" branch="true" condition-coverage="50% (1/2)">
              <conditions>
                <condition number="0" type="jump" coverage="50%"/>
              </conditions>
            </line>
            <line number="16" hits="37" branch="false"/>
            <line number="18" hits="74" branch="false"/>
            <line number="20" hits="2" branch="false"/>
            <line number="21" hits="2" branch="false"/>
            <line number="22" hits="2" branch="false"/>
            <line number="24" hits="10" branch="false"/>
            <line number="25" hits="10" branch="false"/>
            <line number="28" hits="16" branch="false"/>
            <line number="29" hits="16" branch="false"/>
            <line number="30" hits="16" branch="false"/>
            <line number="32" hits="0" branch="false"/>
            <line number="33" hits="0" branch="false"/>
          </lines>
        </class>
        <class name="GroupConstraint_cpp" filename="src/GroupConstraint.cpp" line-rate="1.0" branch-rate="0.5" complexity="0.0">
          <methods/>
          <lines>
            <line number="14" hits="21" branch="false"/>
            <line number="15" hits="21" branch="true" condition-coverage="50% (1/2)">
              <conditions>
                <condition number="0" type="jump" coverage="50%"/>
              </conditions>
            </line>
            <line number="16" hits="21" branch="false"/>
            <line number="18" hits="42" branch="false"/>
            <line number="20" hits="16" branch="false"/>
            <line number="21" hits="16" branch="false"/>
            <line number="22" hits="16" branch="true" condition-coverage="50% (1/2)">
              <conditions>
                <condition number="0" type="jump" coverage="50%"/>
              </conditions>
            </line>
            <line number="23" hits="16" branch="false"/>
            <line number="26" hits="19" branch="false"/>
            <line number="27" hits="19" branch="false"/>
            <line number="30" hits="12" branch="false"/>
            <line number="31" hits="12" branch="false"/>
          </lines>
        </class>
        <class name="OneOf_cpp" filename="src/OneOf.cpp" line-rate="1.0" branch-rate="0.6" complexity="0.0">
          <methods/>
          <lines>
            <line number="8" hits="1" branch="false"/>
            <line number="9" hits="1" branch="false"/>
            <line number="12" hits="8" branch="false"/>
            <line number="13" hits="8" branch="true" condition-coverage="100% (2/2)">
              <conditions>
                <condition number="0" type="jump" coverage="100%"/>
              </conditions>
            </line>
            <line number="14" hits="1" branch="true" condition-coverage="50% (2/4)">
              <conditions>
                <condition number="0" type="jump" coverage="50%"/>
              </conditions>
            </line>
            <line number="16" hits="2" branch="true" condition-coverage="50% (1/2)">
              <conditions>
                <condition number="0" type="jump" coverage="50%"/>
              </conditions>
            </line>
            <line number="19" hits="7" branch="true" condition-coverage="50% (1/2)">
              <conditions>
                <condition number="0" type="jump" coverage="50%"/>
              </conditions>
            </line>
          </lines>
        </class>
        <class name="Parser_cpp" filename="src/Parser.cpp" line-rate="0.17647058823529413" branch-rate="0.057692307692307696" complexity="0.0">
          <methods/>
          <lines>
            <line number="14" hits="0" branch="false"/>
            <line number="15" hits="0" branch="false"/>
            <line number="17" hits="0" branch="false"/>
            <line number="18" hits="0" branch="true" condition-coverage="0% (0/14)">
              <conditions>
                <condition number="0" type="jump" coverage="0%"/>
              </conditions>
            </line>
            <line number="19" hits="0" branch="false"/>
            <line number="21" hits="0" branch="true" condition-coverage="0% (0/14)">
              <conditions>
                <condition number="0" type="jump" coverage="0%"/>
              </conditions>
            </line>
            <line number="22" hits="0" branch="false"/>
            <line number="26" hits="0" branch="false"/>
            <line number="27" hits="0" branch="true" condition-coverage="0% (0/6)">
              <conditions>
                <condition number="0" type="jump" coverage="0%"/>
              </conditions>
            </line>
            <line number="28" hits="0" branch="true" condition-coverage="0% (0/2)">
              <conditions>
                <condition number="0" type="jump" coverage="0%"/>
              </conditions>
            </line>
            <line number="29" hits="0" branch="true" condition-coverage="0% (0/4)">
              <conditions>
                <condition number="0" type="jump" coverage="0%"/>
              </conditions>
            </line>
            <line number="33" hits="0" branch="false"/>
            <line number="34" hits="0" branch="true" condition-coverage="0% (0/6)">
              <conditions>
                <condition number="0" type="jump" coverage="0%"/>
              </conditions>
            </line>
            <line number="35" hits="0" branch="true" condition-coverage="0% (0/2)">
              <conditions>
                <condition number="0" type="jump" coverage="0%"/>
              </conditions>
            </line>
            <line number="36" hits="0" branch="true" condition-coverage="0% (0/4)">
              <conditions>
                <condition number="0" type="jump" coverage="0%"/>
              </conditions>
            </line>
            <line number="40" hits="0" branch="false"/>
            <line number="41" hits="0" branch="false"/>
            <line number="50" hits="1" branch="false"/>
            <line number="51" hits="1" branch="false"/>
            <line number="53" hits="1" branch="false"/>
            <line number="54" hits="1" branch="true" condition-coverage="50% (1/2)">
              <conditions>
                <condition number="0" type="jump" coverage="50%"/>
              </conditions>
            </line>
            <line number="55" hits="1" branch="true" condition-coverage="50% (3/6)">
              <conditions>
                <condition number="0" type="jump" coverage="50%"/>
              </conditions>
            </line>
            <line number="58" hits="0" branch="false"/>
            <line number="60" hits="0" branch="true" condition-coverage="0% (0/2)">
              <conditions>
                <condition number="0" type="jump" coverage="0%"/>
              </conditions>
            </line>
            <line number="61" hits="0" branch="false"/>
            <line number="62" hits="0" branch="true" condition-coverage="0% (0/2)">
              <conditions>
                <condition number="0" type="jump" coverage="0%"/>
              </conditions>
            </line>
            <line number="63" hits="0" branch="false"/>
            <line number="65" hits="0" branch="true" condition-coverage="0% (0/4)">
              <conditions>
                <condition number="0" type="jump" coverage="0%"/>
              </conditions>
            </line>
            <line number="70" hits="5" branch="false"/>
            <line number="71" hits="5" branch="true" condition-coverage="50% (1/2)">
              <conditions>
                <condition number="0" type="jump" coverage="50%"/>
              </conditions>
            </line>
            <line number="74" hits="6" branch="false"/>
            <line number="75" hits="6" branch="true" condition-coverage="50% (1/2)">
              <conditions>
                <condition number="0" type="jump" coverage="50%"/>
              </conditions>
            </line>
            <line number="78" hits="0" branch="false"/>
            <line number="79" hits="0" branch="true" condition-coverage="0% (0/2)">
              <conditions>
                <condition number="0" type="jump" coverage="0%"/>
              </conditions>
            </line>
            <line number="80" hits="0" branch="true" condition-coverage="0% (0/14)">
              <conditions>
                <condition number="0" type="jump" coverage="0%"/>
              </conditions>
            </line>
            <line number="83" hits="0" branch="false"/>
            <line number="84" hits="0" branch="true" condition-coverage="0% (0/2)">
              <conditions>
                <condition number="0" type="jump" coverage="0%"/>
              </conditions>
            </line>
            <line number="85" hits="0" branch="false"/>
            <line number="88" hits="0" branch="false"/>
            <line number="89" hits="0" branch="false"/>
            <line number="90" hits="0" branch="false"/>
            <line number="91" hits="0" branch="true" condition-coverage="0% (0/2)">
              <conditions>
                <condition number="0" type="jump" coverage="0%"/>
              </conditions>
            </line>
            <line number="93" hits="0" branch="false"/>
            <line number="94" hits="0" branch="true" condition-coverage="0% (0/4)">
              <conditions>
                <condition number="0" type="jump" coverage="0%"/>
              </conditions>
            </line>
            <line number="96" hits="0" branch="false"/>
            <line number="99" hits="0" branch="false"/>
            <line number="100" hits="0" branch="true" condition-coverage="0% (0/2)">
              <conditions>
                <condition number="0" type="jump" coverage="0%"/>
              </conditions>
            </line>
            <line number="101" hits="0" branch="true" condition-coverage="0% (0/2)">
              <conditions>
                <condition number="0" type="jump" coverage="0%"/>
              </conditions>
            </line>
            <line number="102" hits="0" branch="false"/>
            <line number="104" hits="0" branch="true" condition-coverage="0% (0/2)">
              <conditions>
                <condition number="0" type="jump" coverage="0%"/>
              </conditions>
            </line>
            <line number="105" hits="0" branch="true" condition-coverage="0% (0/2)">
              <conditions>
                <condition number="0" type="jump" coverage="0%"/>
              </conditions>
            </line>
          </lines>
        </class>
        <class name="VisitorUtils_cpp" filename="src/VisitorUtils.cpp" line-rate="0.7727272727272727" branch-rate="0.3125" complexity="0.0">
          <methods/>
          <lines>
            <line number="8" hits="11" branch="false"/>
            <line number="9" hits="11" branch="true" condition-coverage="100% (2/2)">
              <conditions>
                <condition number="0" type="jump" coverage="100%"/>
              </conditions>
            </line>
            <line number="10" hits="7" branch="false"/>
            <line number="13" hits="4" branch="true" condition-coverage="50% (1/2)">
              <conditions>
                <condition number="0" type="jump" coverage="50%"/>
              </conditions>
            </line>
            <line number="14" hits="0" branch="false"/>
            <line number="17" hits="4" branch="true" condition-coverage="50% (1/2)">
              <conditions>
                <condition number="0" type="jump" coverage="50%"/>
              </conditions>
            </line>
            <line number="18" hits="4" branch="false"/>
            <line number="21" hits="0" branch="true" condition-coverage="0% (0/6)">
              <conditions>
                <condition number="0" type="jump" coverage="0%"/>
              </conditions>
            </line>
            <line number="24" hits="7" branch="false"/>
            <line number="25" hits="7" branch="false"/>
            <line number="26" hits="7" branch="false"/>
            <line number="28" hits="0" branch="false"/>
            <line number="29" hits="0" branch="true" condition-coverage="0% (0/6)">
              <conditions>
                <condition number="0" type="jump" coverage="0%"/>
              </conditions>
            </line>
            <line number="30" hits="0" branch="true" condition-coverage="0% (0/4)">
              <conditions>
                <condition number="0" type="jump" coverage="0%"/>
              </conditions>
            </line>
            <line number="34" hits="4" branch="false"/>
            <line number="35" hits="11" branch="true" condition-coverage="66% (4/6)">
              <conditions>
                <condition number="0" type="jump" coverage="66%"/>
              </conditions>
            </line>
            <line number="36" hits="7" branch="true" condition-coverage="50% (2/4)">
              <conditions>
                <condition number="0" type="jump" coverage="50%"/>
              </conditions>
            </line>
            <line number="38" hits="4" branch="false"/>
            <line number="40" hits="4" branch="false"/>
            <line number="41" hits="4" branch="false"/>
            <line number="44" hits="13" branch="false"/>
            <line number="45" hits="13" branch="false"/>
          </lines>
        </class>
        <class name="VisitorUtils_h" filename="src/VisitorUtils.h" line-rate="1.0" branch-rate="0.0" complexity="0.0">
          <methods/>
          <lines>
            <line number="15" hits="8" branch="false"/>
          </lines>
        </class>
        <class name="exceptions_cpp" filename="src/exceptions.cpp" line-rate="0.5555555555555556" branch-rate="0.3181818181818182" complexity="0.0">
          <methods/>
          <lines>
            <line number="16" hits="6" branch="false"/>
            <line number="17" hits="6" branch="false"/>
            <line number="18" hits="6" branch="false"/>
            <line number="19" hits="6" branch="false"/>
            <line number="22" hits="6" branch="false"/>
            <line number="23" hits="6" branch="false"/>
            <line number="24" hits="6" branch="true" condition-coverage="50% (1/2)">
              <conditions>
                <condition number="0" type="jump" coverage="50%"/>
              </conditions>
            </line>
            <line number="25" hits="6" branch="false"/>
            <line number="27" hits="0" branch="false"/>
            <line number="28" hits="0" branch="true" condition-coverage="0% (0/4)">
              <conditions>
                <condition number="0" type="jump" coverage="0%"/>
              </conditions>
            </line>
            <line number="29" hits="0" branch="false"/>
            <line number="30" hits="0" branch="false"/>
            <line number="33" hits="0" branch="false"/>
            <line number="34" hits="0" branch="false"/>
            <line number="37" hits="0" branch="false"/>
            <line number="38" hits="0" branch="true" condition-coverage="0% (0/2)">
              <conditions>
                <condition number="0" type="jump" coverage="0%"/>
              </conditions>
            </line>
            <line number="39" hits="0" branch="true" condition-coverage="0% (0/2)">
              <conditions>
                <condition number="0" type="jump" coverage="0%"/>
              </conditions>
            </line>
            <line number="41" hits="0" branch="false"/>
            <line number="44" hits="0" branch="false"/>
            <line number="45" hits="0" branch="false"/>
            <line number="48" hits="12" branch="false"/>
            <line number="50" hits="3" branch="false"/>
            <line number="51" hits="3" branch="true" condition-coverage="50% (2/4)">
              <conditions>
                <condition number="0" type="jump" coverage="50%"/>
              </conditions>
            </line>
            <line number="53" hits="1" branch="false"/>
            <line number="54" hits="1" branch="true" condition-coverage="50% (2/4)">
              <conditions>
                <condition number="0" type="jump" coverage="50%"/>
              </conditions>
            </line>
            <line number="56" hits="2" branch="false"/>
            <line number="57" hits="2" branch="true" condition-coverage="50% (2/4)">
              <conditions>
                <condition number="0" type="jump" coverage="50%"/>
              </conditions>
            </line>
          </lines>
        </class>
        <class name="validators_cpp" filename="src/validators.cpp" line-rate="1.0" branch-rate="0.65" complexity="0.0">
          <methods/>
          <lines>
            <line number="8" hits="4" branch="false"/>
            <line number="9" hits="4" branch="false"/>
            <line number="10" hits="4" branch="false"/>
            <line number="12" hits="4" branch="false"/>
            <line number="13" hits="8" branch="false"/>
            <line number="15" hits="8" branch="true" condition-coverage="66% (4/6)">
              <conditions>
                <condition number="0" type="jump" coverage="66%"/>
              </conditions>
            </line>
            <line number="16" hits="4" branch="true" condition-coverage="50% (2/4)">
              <conditions>
                <condition number="0" type="jump" coverage="50%"/>
              </conditions>
            </line>
            <line number="19" hits="7" branch="true" condition-coverage="66% (4/6)">
              <conditions>
                <condition number="0" type="jump" coverage="66%"/>
              </conditions>
            </line>
            <line number="20" hits="5" branch="false"/>
            <line number="21" hits="6" branch="true" condition-coverage="75% (3/4)">
              <conditions>
                <condition number="0" type="jump" coverage="75%"/>
              </conditions>
            </line>
            <line number="22" hits="3" branch="true" condition-coverage="71% (10/14)">
              <conditions>
                <condition number="0" type="jump" coverage="71%"/>
              </conditions>
            </line>
            <line number="23" hits="2" branch="true" condition-coverage="50% (3/6)">
              <conditions>
                <condition number="0" type="jump" coverage="50%"/>
              </conditions>
            </line>
            <line number="27" hits="2" branch="false"/>
          </lines>
        </class>
        <class name="validators_h" filename="src/validators.h" line-rate="1.0" branch-rate="0.0" complexity="0.0">
          <methods/>
          <lines>
            <line number="13" hits="8" branch="false"/>
          </lines>
        </class>
      </classes>
    </package>
    <package name="src.include.cliargs" line-rate="0.0" function-rate="0.0" branch-rate="0.0" complexity="0.0">
      <classes>
        <class name="cliargs_h" filename="src/include/cliargs/cliargs.h" line-rate="0.0" branch-rate="0.0" complexity="0.0">
          <methods/>
          <lines>
            <line number="80" hits="0" branch="false"/>
            <line number="90" hits="0" branch="false"/>
          </lines>
        </class>
      </classes>
    </package>
  </packages>
</coverage>
